Arguments: 
  /usr/local/bin/node /home/avallver/.yarn/bin/yarn.js install

PATH: 
  /home/avallver/.yarn/bin:/home/avallver/.config/yarn/global/node_modules/.bin:/home/avallver/bin:/home/avallver/.local/bin:/home/avallver/.yarn/bin:/home/avallver/.config/yarn/global/node_modules/.bin:/home/avallver/bin:/home/avallver/.local/bin:/usr/local/sbin:/usr/local/bin:/usr/sbin:/usr/bin:/sbin:/bin:/usr/games:/usr/local/games:/snap/bin:/usr/lib/jvm/java-8-oracle/bin:/usr/lib/jvm/java-8-oracle/db/bin:/usr/lib/jvm/java-8-oracle/jre/bin:/opt/puppetlabs/bin:/usr/lib/jvm/java-8-oracle/bin:/usr/lib/jvm/java-8-oracle/db/bin:/usr/lib/jvm/java-8-oracle/jre/bin

Yarn version: 
  1.7.0

Node version: 
  8.11.3

Platform: 
  linux x64

Trace: 
  Error: EACCES: permission denied, mkdir '/space/.yarn-cache/v1/npm-caniuse-lite-1.0.30000884-eb82a959698745033b26a4dcd34d89dba7cc6eb3'

npm manifest: 
  {
    "name": "curriculum-web-template",
    "version": "1.0.0",
    "description": "",
    "private": true,
    "main": "index.html",
    "scripts": {
      "start": "gulp start",
      "build": "NODE_ENV=production webpack --config webpack.config.babel.js",
      "dev": "NODE_ENV=development nodemon --exec 'webpack-dev-server' --ignore ./dist",
      "test": "jest --watch"
    },
    "jest": {
      "verbose": true,
      "testURL": "http://localhost/",
      "transform": {
        "^.+\\.js$": "babel-jest"
      }
    },
    "repository": {
      "url": "git@github.com:byverdu/curriculum-web-template.git"
    },
    "author": " <byverdu@gmail.com>",
    "license": "ISC",
    "devDependencies": {
      "@babel/core": "^7.0.0",
      "@babel/preset-env": "^7.0.0",
      "@babel/register": "^7.0.0",
      "@beyonk/google-fonts-webpack-plugin": "^0.5.0",
      "babel-core": "^7.0.0-0",
      "babel-eslint": "^8.2.5",
      "babel-jest": "^23.4.2",
      "babel-loader": "^7.1.5",
      "base64-inline-loader": "^1.1.1",
      "clean-webpack-plugin": "^0.1.19",
      "conscolors": "^1.0.0",
      "copy-webpack-plugin": "^4.5.2",
      "css-hot-loader": "^1.4.2",
      "css-loader": "^1.0.0",
      "eslint": "^5.0.1",
      "eslint-config-airbnb-base": "^13.0.0",
      "extract-text-webpack-plugin": "^3.0.2",
      "html-inline-css-webpack-plugin": "^1.2.1",
      "html-webpack-plugin": "^4.0.0-alpha",
      "jest": "^23.4.2",
      "mini-css-extract-plugin": "^0.4.1",
      "node-sass": "^4.9.3",
      "nodemon": "^1.18.4",
      "optimize-css-assets-webpack-plugin": "^5.0.0",
      "prismjs": "^1.15.0",
      "sass-loader": "^7.1.0",
      "style-loader": "^0.22.1",
      "svg-transform-loader": "^1.2.1",
      "svg-url-loader": "^2.3.2",
      "uglifyjs-webpack-plugin": "^1.3.0",
      "url-loader": "^1.1.1",
      "webpack": "^4.16.5",
      "webpack-cli": "^3.1.0",
      "webpack-dev-server": "^3.1.5",
      "write-file-webpack-plugin": "^4.3.2"
    }
  }

yarn manifest: 
  No manifest

Lockfile: 
  No lockfile
